[debug] [2021-03-22T20:05:25.956Z] ----------------------------------------------------------------------
[debug] [2021-03-22T20:05:25.959Z] Command:       C:\Program Files\nodejs\node.exe C:\Users\JayPiyu\AppData\Roaming\npm\node_modules\firebase-tools\lib\bin\firebase.js init
[debug] [2021-03-22T20:05:25.960Z] CLI Version:   9.4.0
[debug] [2021-03-22T20:05:25.960Z] Platform:      win32
[debug] [2021-03-22T20:05:25.960Z] Node Version:  v10.15.3
[debug] [2021-03-22T20:05:25.962Z] Time:          Mon Mar 22 2021 16:05:25 GMT-0400 (Eastern Daylight Time)
[debug] [2021-03-22T20:05:25.962Z] ----------------------------------------------------------------------
[debug] [2021-03-22T20:05:25.962Z] 
[debug] [2021-03-22T20:05:25.967Z] >>> [apiv2][query] GET https://firebase-public.firebaseio.com/cli.json [none]
[debug] [2021-03-22T20:05:25.994Z] > command requires scopes: ["email","openid","https://www.googleapis.com/auth/cloudplatformprojects.readonly","https://www.googleapis.com/auth/firebase","https://www.googleapis.com/auth/cloud-platform"]
[debug] [2021-03-22T20:05:25.995Z] > authorizing via signed-in user
[info] 
     ######## #### ########  ######## ########     ###     ######  ########
     ##        ##  ##     ## ##       ##     ##  ##   ##  ##       ##
     ######    ##  ########  ######   ########  #########  ######  ######
     ##        ##  ##    ##  ##       ##     ## ##     ##       ## ##
     ##       #### ##     ## ######## ########  ##     ##  ######  ########

You're about to initialize a Firebase project in this directory:

  D:\Jay\Personal_Projects\port-folio\portfolio

Before we get started, keep in mind:

  * You are initializing in an existing Firebase project directory

[debug] [2021-03-22T20:05:26.151Z] <<< [apiv2][status] GET https://firebase-public.firebaseio.com/cli.json 200
[debug] [2021-03-22T20:05:26.152Z] <<< [apiv2][body] GET https://firebase-public.firebaseio.com/cli.json {"cloudBuildErrorAfter":1594252800000,"cloudBuildWarnAfter":1590019200000,"defaultNode10After":1594252800000,"minVersion":"3.0.5","node8DeploysDisabledAfter":1613390400000,"node8RuntimeDisabledAfter":1615809600000,"node8WarnAfter":1600128000000}
[info] 
=== Project Setup
[info] 
[info] First, let's associate this project directory with a Firebase project.
[info] You can create multiple project aliases by running firebase use --add, 
[info] but for now we'll just set up a default project.
[info] 
[info] i  .firebaserc already has a default project, using jay-desai-portfolio. 
[debug] [2021-03-22T20:05:49.965Z] > refreshing access token with scopes: []
[debug] [2021-03-22T20:05:49.965Z] >>> HTTP REQUEST POST https://www.googleapis.com/oauth2/v3/token  
 <request body omitted>
[debug] [2021-03-22T20:05:50.084Z] <<< HTTP RESPONSE 200 {"date":"Mon, 22 Mar 2021 20:05:50 GMT","cache-control":"no-cache, no-store, max-age=0, must-revalidate","expires":"Mon, 01 Jan 1990 00:00:00 GMT","pragma":"no-cache","content-type":"application/json; charset=utf-8","vary":"X-Origin, Referer, Origin,Accept-Encoding","server":"scaffolding on HTTPServer2","x-xss-protection":"0","x-frame-options":"SAMEORIGIN","x-content-type-options":"nosniff","alt-svc":"h3-29=\":443\"; ma=2592000,h3-T051=\":443\"; ma=2592000,h3-Q050=\":443\"; ma=2592000,h3-Q046=\":443\"; ma=2592000,h3-Q043=\":443\"; ma=2592000,quic=\":443\"; ma=2592000; v=\"46,43\"","accept-ranges":"none","transfer-encoding":"chunked"}
[debug] [2021-03-22T20:05:50.110Z] >>> [apiv2][query] GET https://firebase.googleapis.com/v1beta1/projects/jay-desai-portfolio [none]
[debug] [2021-03-22T20:05:50.325Z] <<< [apiv2][status] GET https://firebase.googleapis.com/v1beta1/projects/jay-desai-portfolio 200
[debug] [2021-03-22T20:05:50.326Z] <<< [apiv2][body] GET https://firebase.googleapis.com/v1beta1/projects/jay-desai-portfolio {"projectId":"jay-desai-portfolio","projectNumber":"370732763215","displayName":"Jay Desai Portfolio","name":"projects/jay-desai-portfolio","resources":{"hostingSite":"jay-desai-portfolio"},"state":"ACTIVE"}
[info] 
=== Remoteconfig Setup
